2021-04-11 19:34:51,995 [INFO] Activator:170 - 


2021-04-11 19:34:51,999 [INFO] Activator:171 - !SESSION log4j initialized
2021-04-11 19:35:13,120 [INFO] McuFinderGlobals:40 - Set McuFinder mode to 2 (CubeIDE integrated)
2021-04-11 19:35:13,220 [INFO] ApplicationProperties:181 - Using Application install path: /opt/st/stm32cubeide_1.5.1/plugins/com.st.stm32cube.common.mx_6.1.1.202012091304
2021-04-11 19:35:13,233 [INFO] DbMcusXml:71 - Set database path to: /opt/st/stm32cubeide_1.5.1/plugins/com.st.stm32cube.common.mx_6.1.1.202012091304//db//mcu/
2021-04-11 19:35:13,238 [INFO] DbBoardsPdsc:57 - Set plugin database path to: /opt/st/stm32cubeide_1.5.1/plugins/com.st.stm32cube.common.mx_6.1.1.202012091304//db//plugins/boardmanager/
2021-04-11 19:35:13,238 [INFO] DbMcus:259 - Set plugin images path to: /opt/st/stm32cubeide_1.5.1/plugins/com.st.stm32cube.common.mx_6.1.1.202012091304//db//plugins/mcufinder/images/
2021-04-11 19:35:13,239 [INFO] DbBoards:265 - Set plugin images path to: /opt/st/stm32cubeide_1.5.1/plugins/com.st.stm32cube.common.mx_6.1.1.202012091304//db//plugins/mcufinder/images/
2021-04-11 19:35:13,241 [INFO] DbExamples:329 - Set plugin images path to: /opt/st/stm32cubeide_1.5.1/plugins/com.st.stm32cube.common.mx_6.1.1.202012091304//db//plugins/mcufinder/images/
2021-04-11 19:35:13,246 [INFO] DbMcusDocs:112 - Set database path to: /home/tadashi/.stmcufinder/plugins/mcufinder//mcu/
2021-04-11 19:35:13,251 [INFO] DbMcusJson:63 - Set database path to: /home/tadashi/.stmcufinder/plugins/mcufinder//mcu/
2021-04-11 19:35:13,252 [INFO] DbBoardsDocs:112 - Set database path to: /home/tadashi/.stmcufinder/plugins/mcufinder//mcu/
2021-04-11 19:35:13,254 [INFO] DbBoardsJson:56 - Set database path to: /home/tadashi/.stmcufinder/plugins/mcufinder//mcu/
2021-04-11 19:35:13,257 [INFO] CrossReferenceDbSqlite:196 - Set database path to: /home/tadashi/.stmcufinder/plugins/mcufinder//mcu/cs/
2021-04-11 19:35:13,261 [INFO] DbExamplesSqlite:699 - Set database path to: /home/tadashi/.stmcufinder/plugins/mcufinder//mcu/
2021-04-11 19:35:13,417 [INFO] RulesReader:52 - Compatibility file has been processed (228 Rules)
2021-04-11 19:35:13,503 [INFO] MicroXplorer:565 - Detected Java Version = 1.8.0_272
2021-04-11 19:35:13,504 [INFO] DbMcusXml:71 - Set database path to: /opt/st/stm32cubeide_1.5.1/plugins/com.st.stm32cube.common.mx_6.1.1.202012091304//db//mcu/
2021-04-11 19:35:13,505 [INFO] DbBoardsPdsc:57 - Set plugin database path to: /opt/st/stm32cubeide_1.5.1/plugins/com.st.stm32cube.common.mx_6.1.1.202012091304//db//plugins/boardmanager/
2021-04-11 19:35:13,505 [INFO] DbMcus:259 - Set plugin images path to: /opt/st/stm32cubeide_1.5.1/plugins/com.st.stm32cube.common.mx_6.1.1.202012091304//db//plugins/mcufinder/images/
2021-04-11 19:35:13,505 [INFO] DbBoards:265 - Set plugin images path to: /opt/st/stm32cubeide_1.5.1/plugins/com.st.stm32cube.common.mx_6.1.1.202012091304//db//plugins/mcufinder/images/
2021-04-11 19:35:13,505 [INFO] DbExamples:329 - Set plugin images path to: /opt/st/stm32cubeide_1.5.1/plugins/com.st.stm32cube.common.mx_6.1.1.202012091304//db//plugins/mcufinder/images/
2021-04-11 19:35:13,506 [WARN] DbFile:36 - Overriding database path with different value: /home/tadashi/.stmcufinder/plugins/mcufinder/ => /home/tadashi/.stmcufinder/plugins/mcufinder
2021-04-11 19:35:13,506 [INFO] DbMcusDocs:112 - Set database path to: /home/tadashi/.stmcufinder/plugins/mcufinder//mcu/
2021-04-11 19:35:13,506 [WARN] DbFile:36 - Overriding database path with different value: /home/tadashi/.stmcufinder/plugins/mcufinder/ => /home/tadashi/.stmcufinder/plugins/mcufinder
2021-04-11 19:35:13,506 [INFO] DbMcusJson:63 - Set database path to: /home/tadashi/.stmcufinder/plugins/mcufinder//mcu/
2021-04-11 19:35:13,506 [WARN] DbFile:36 - Overriding database path with different value: /home/tadashi/.stmcufinder/plugins/mcufinder/ => /home/tadashi/.stmcufinder/plugins/mcufinder
2021-04-11 19:35:13,507 [INFO] DbBoardsDocs:112 - Set database path to: /home/tadashi/.stmcufinder/plugins/mcufinder//mcu/
2021-04-11 19:35:13,507 [WARN] DbFile:36 - Overriding database path with different value: /home/tadashi/.stmcufinder/plugins/mcufinder/ => /home/tadashi/.stmcufinder/plugins/mcufinder
2021-04-11 19:35:13,507 [INFO] DbBoardsJson:56 - Set database path to: /home/tadashi/.stmcufinder/plugins/mcufinder//mcu/
2021-04-11 19:35:13,507 [WARN] DbFile:36 - Overriding database path with different value: /home/tadashi/.stmcufinder/plugins/mcufinder/ => /home/tadashi/.stmcufinder/plugins/mcufinder
2021-04-11 19:35:13,507 [WARN] DbFile:36 - Overriding database path with different value: /home/tadashi/.stmcufinder/plugins/mcufinder/ => /home/tadashi/.stmcufinder/plugins/mcufinder
2021-04-11 19:35:13,507 [INFO] CrossReferenceDbSqlite:196 - Set database path to: /home/tadashi/.stmcufinder/plugins/mcufinder//mcu/cs/
2021-04-11 19:35:13,508 [WARN] DbFile:36 - Overriding database path with different value: /home/tadashi/.stmcufinder/plugins/mcufinder/ => /home/tadashi/.stmcufinder/plugins/mcufinder
2021-04-11 19:35:13,508 [INFO] DbExamplesSqlite:699 - Set database path to: /home/tadashi/.stmcufinder/plugins/mcufinder//mcu/
2021-04-11 19:35:13,576 [INFO] MainPanel:190 - HeapMemory: 268435456
2021-04-11 19:35:13,659 [INFO] DbMcusXml:71 - Set database path to: /opt/st/stm32cubeide_1.5.1/plugins/com.st.stm32cube.common.mx_6.1.1.202012091304//db//mcu/
2021-04-11 19:35:13,659 [INFO] DbBoardsPdsc:57 - Set plugin database path to: /opt/st/stm32cubeide_1.5.1/plugins/com.st.stm32cube.common.mx_6.1.1.202012091304//db//plugins/boardmanager/
2021-04-11 19:35:13,659 [INFO] DbMcus:259 - Set plugin images path to: /opt/st/stm32cubeide_1.5.1/plugins/com.st.stm32cube.common.mx_6.1.1.202012091304//db//plugins/mcufinder/images/
2021-04-11 19:35:13,660 [INFO] DbBoards:265 - Set plugin images path to: /opt/st/stm32cubeide_1.5.1/plugins/com.st.stm32cube.common.mx_6.1.1.202012091304//db//plugins/mcufinder/images/
2021-04-11 19:35:13,660 [INFO] DbExamples:329 - Set plugin images path to: /opt/st/stm32cubeide_1.5.1/plugins/com.st.stm32cube.common.mx_6.1.1.202012091304//db//plugins/mcufinder/images/
2021-04-11 19:35:13,660 [WARN] DbFile:36 - Overriding database path with different value: /home/tadashi/.stmcufinder/plugins/mcufinder/ => /home/tadashi/.stmcufinder/plugins/mcufinder
2021-04-11 19:35:13,661 [INFO] DbMcusDocs:112 - Set database path to: /home/tadashi/.stmcufinder/plugins/mcufinder//mcu/
2021-04-11 19:35:13,661 [WARN] DbFile:36 - Overriding database path with different value: /home/tadashi/.stmcufinder/plugins/mcufinder/ => /home/tadashi/.stmcufinder/plugins/mcufinder
2021-04-11 19:35:13,661 [INFO] DbMcusJson:63 - Set database path to: /home/tadashi/.stmcufinder/plugins/mcufinder//mcu/
2021-04-11 19:35:13,661 [WARN] DbFile:36 - Overriding database path with different value: /home/tadashi/.stmcufinder/plugins/mcufinder/ => /home/tadashi/.stmcufinder/plugins/mcufinder
2021-04-11 19:35:13,661 [INFO] DbBoardsDocs:112 - Set database path to: /home/tadashi/.stmcufinder/plugins/mcufinder//mcu/
2021-04-11 19:35:13,661 [WARN] DbFile:36 - Overriding database path with different value: /home/tadashi/.stmcufinder/plugins/mcufinder/ => /home/tadashi/.stmcufinder/plugins/mcufinder
2021-04-11 19:35:13,662 [INFO] DbBoardsJson:56 - Set database path to: /home/tadashi/.stmcufinder/plugins/mcufinder//mcu/
2021-04-11 19:35:13,662 [WARN] DbFile:36 - Overriding database path with different value: /home/tadashi/.stmcufinder/plugins/mcufinder/ => /home/tadashi/.stmcufinder/plugins/mcufinder
2021-04-11 19:35:13,662 [WARN] DbFile:36 - Overriding database path with different value: /home/tadashi/.stmcufinder/plugins/mcufinder/ => /home/tadashi/.stmcufinder/plugins/mcufinder
2021-04-11 19:35:13,662 [INFO] CrossReferenceDbSqlite:196 - Set database path to: /home/tadashi/.stmcufinder/plugins/mcufinder//mcu/cs/
2021-04-11 19:35:13,662 [WARN] DbFile:36 - Overriding database path with different value: /home/tadashi/.stmcufinder/plugins/mcufinder/ => /home/tadashi/.stmcufinder/plugins/mcufinder
2021-04-11 19:35:13,662 [INFO] DbExamplesSqlite:699 - Set database path to: /home/tadashi/.stmcufinder/plugins/mcufinder//mcu/
2021-04-11 19:35:13,684 [INFO] ApplicationProperties:181 - Using Application install path: /opt/st/stm32cubeide_1.5.1/plugins/com.st.stm32cube.common.mx_6.1.1.202012091304
2021-04-11 19:35:13,686 [INFO] PluginManage:178 - Search for loadable plugins [exclusion list=, ]
2021-04-11 19:35:13,687 [INFO] PluginManage:292 - Check plugin analytics
2021-04-11 19:35:13,874 [INFO] AnalyticsPlugin:225 - Accepted Software Licenses: 
2021-04-11 19:35:13,875 [INFO] AnalyticsPlugin:227 - Accepted CMSIS Pack Licenses: 
2021-04-11 19:35:13,875 [INFO] AnalyticsPlugin:229 - Accepted Firmware Licenses: 
2021-04-11 19:35:13,875 [INFO] PluginManage:342 - Loaded plugin analytics (category:tool,tabindex:-1)
2021-04-11 19:35:13,876 [INFO] PluginManage:292 - Check plugin clock
2021-04-11 19:35:13,889 [INFO] PluginManage:342 - Loaded plugin clock (category:base,tabindex:2)
2021-04-11 19:35:13,889 [INFO] PluginManage:292 - Check plugin ddr
2021-04-11 19:35:13,892 [INFO] PluginManage:342 - Loaded plugin ddr (category:tool,tabindex:6)
2021-04-11 19:35:13,892 [INFO] PluginManage:292 - Check plugin filemanager
2021-04-11 19:35:14,098 [INFO] PluginManage:342 - Loaded plugin filemanager (category:base,tabindex:10)
2021-04-11 19:35:14,098 [INFO] PluginManage:292 - Check plugin ipmanager
2021-04-11 19:35:14,106 [INFO] PluginManage:342 - Loaded plugin ipmanager (category:base,tabindex:5)
2021-04-11 19:35:14,106 [INFO] PluginManage:292 - Check plugin pinoutandconfiguration
2021-04-11 19:35:14,117 [INFO] PluginManage:342 - Loaded plugin pinoutandconfiguration (category:base,tabindex:1)
2021-04-11 19:35:14,118 [INFO] PluginManage:292 - Check plugin pinoutconfig
2021-04-11 19:35:14,141 [INFO] PluginManage:342 - Loaded plugin pinoutconfig (category:base,tabindex:0)
2021-04-11 19:35:14,142 [INFO] PluginManage:292 - Check plugin power
2021-04-11 19:35:14,154 [INFO] PluginManage:342 - Loaded plugin power (category:power,tabindex:4)
2021-04-11 19:35:14,154 [INFO] PluginManage:292 - Check plugin projectmanager
2021-04-11 19:35:14,175 [INFO] PluginManage:342 - Loaded plugin projectmanager (category:projectmanager,tabindex:3)
2021-04-11 19:35:14,175 [INFO] PluginManage:292 - Check plugin thirdparty
2021-04-11 19:35:14,317 [INFO] PluginManage:342 - Loaded plugin thirdparty (category:base,tabindex:-1)
2021-04-11 19:35:14,318 [WARN] IntegrityCheckThread:59 - waiting for thirdparty lock release [integrity check]
2021-04-11 19:35:14,318 [INFO] PluginManage:292 - Check plugin tools
2021-04-11 19:35:14,318 [INFO] IntegrityCheckThread:61 - entering critical section [integrity check]
2021-04-11 19:35:14,319 [INFO] ThirdPartyUpdaterWithRetryManager:56 - Updater plugin not ready yet. [1/15]
2021-04-11 19:35:14,321 [INFO] PluginManage:342 - Loaded plugin tools (category:base,tabindex:7)
2021-04-11 19:35:14,321 [INFO] PluginManage:292 - Check plugin tutovideos
2021-04-11 19:35:14,606 [INFO] PluginManage:342 - Loaded plugin tutovideos (category:base,tabindex:-1)
2021-04-11 19:35:14,606 [INFO] PluginManage:292 - Check plugin updater
2021-04-11 19:35:14,623 [INFO] PluginManage:342 - Loaded plugin updater (category:base,tabindex:12)
2021-04-11 19:35:14,623 [INFO] PluginManage:265 - PluginManage : Loaded plugins [13]
2021-04-11 19:35:14,840 [INFO] PinOutPanel:1434 - setPackage(No Configuration,No Configuration)
2021-04-11 19:35:14,941 [INFO] IPUIPlugin:64 - create IPUIPlugin
2021-04-11 19:35:14,941 [INFO] PluginManager:203 - loadIPPluginJar : add i2s
2021-04-11 19:35:14,944 [INFO] IPUIPlugin:64 - create IPUIPlugin
2021-04-11 19:35:14,944 [INFO] PluginManager:203 - loadIPPluginJar : add cryp
2021-04-11 19:35:14,955 [INFO] IPUIPlugin:64 - create IPUIPlugin
2021-04-11 19:35:14,955 [INFO] PluginManager:203 - loadIPPluginJar : add adc
2021-04-11 19:35:14,958 [INFO] IPUIPlugin:64 - create IPUIPlugin
2021-04-11 19:35:14,959 [INFO] PluginManager:203 - loadIPPluginJar : add opamp
2021-04-11 19:35:14,962 [INFO] IPUIPlugin:64 - create IPUIPlugin
2021-04-11 19:35:14,962 [INFO] PluginManager:203 - loadIPPluginJar : add can
2021-04-11 19:35:14,965 [INFO] IPUIPlugin:64 - create IPUIPlugin
2021-04-11 19:35:14,965 [INFO] PluginManager:203 - loadIPPluginJar : add ucpd
2021-04-11 19:35:14,970 [INFO] IPUIPlugin:64 - create IPUIPlugin
2021-04-11 19:35:14,971 [INFO] PluginManager:203 - loadIPPluginJar : add i2c
2021-04-11 19:35:14,972 [INFO] IPUIPlugin:64 - create IPUIPlugin
2021-04-11 19:35:14,973 [INFO] PluginManager:203 - loadIPPluginJar : add fatfs
2021-04-11 19:35:14,974 [INFO] IPUIPlugin:64 - create IPUIPlugin
2021-04-11 19:35:14,975 [INFO] PluginManager:203 - loadIPPluginJar : add tsc
2021-04-11 19:35:14,979 [INFO] IPUIPlugin:64 - create IPUIPlugin
2021-04-11 19:35:14,980 [INFO] PluginManager:203 - loadIPPluginJar : add stm32_wpan
2021-04-11 19:35:14,982 [INFO] IPUIPlugin:64 - create IPUIPlugin
2021-04-11 19:35:14,983 [INFO] PluginManager:203 - loadIPPluginJar : add ts
2021-04-11 19:35:14,991 [INFO] IPUIPlugin:64 - create IPUIPlugin
2021-04-11 19:35:14,992 [INFO] PluginManager:203 - loadIPPluginJar : add freertos
2021-04-11 19:35:14,994 [INFO] IPUIPlugin:64 - create IPUIPlugin
2021-04-11 19:35:14,994 [INFO] PluginManager:203 - loadIPPluginJar : add comp
2021-04-11 19:35:14,996 [INFO] IPUIPlugin:64 - create IPUIPlugin
2021-04-11 19:35:14,997 [INFO] PluginManager:203 - loadIPPluginJar : add aes
2021-04-11 19:35:15,003 [INFO] IPUIPlugin:64 - create IPUIPlugin
2021-04-11 19:35:15,005 [INFO] PluginManager:203 - loadIPPluginJar : add nvic
2021-04-11 19:35:15,007 [INFO] IPUIPlugin:64 - create IPUIPlugin
2021-04-11 19:35:15,008 [INFO] PluginManager:203 - loadIPPluginJar : add gtzc
2021-04-11 19:35:15,011 [INFO] IPUIPlugin:64 - create IPUIPlugin
2021-04-11 19:35:15,012 [INFO] PluginManager:203 - loadIPPluginJar : add touchsensing
2021-04-11 19:35:15,014 [INFO] IPUIPlugin:64 - create IPUIPlugin
2021-04-11 19:35:15,014 [INFO] PluginManager:203 - loadIPPluginJar : add gfxmmu
2021-04-11 19:35:15,020 [INFO] IPUIPlugin:64 - create IPUIPlugin
2021-04-11 19:35:15,020 [INFO] PluginManager:203 - loadIPPluginJar : add openamp
2021-04-11 19:35:15,028 [INFO] IPUIPlugin:64 - create IPUIPlugin
2021-04-11 19:35:15,028 [INFO] PluginManager:203 - loadIPPluginJar : add mdma
2021-04-11 19:35:15,031 [INFO] IPUIPlugin:64 - create IPUIPlugin
2021-04-11 19:35:15,031 [INFO] PluginManager:203 - loadIPPluginJar : add tracer_emb
2021-04-11 19:35:15,040 [INFO] IPUIPlugin:64 - create IPUIPlugin
2021-04-11 19:35:15,043 [INFO] PluginManager:203 - loadIPPluginJar : add plateformsettings
2021-04-11 19:35:15,046 [INFO] IPUIPlugin:64 - create IPUIPlugin
2021-04-11 19:35:15,047 [INFO] PluginManager:203 - loadIPPluginJar : add pdm2pcm
2021-04-11 19:35:15,053 [INFO] IPUIPlugin:64 - create IPUIPlugin
2021-04-11 19:35:15,054 [INFO] PluginManager:203 - loadIPPluginJar : add resmgrutility
2021-04-11 19:35:15,059 [INFO] IPUIPlugin:64 - create IPUIPlugin
2021-04-11 19:35:15,060 [INFO] PluginManager:203 - loadIPPluginJar : add gic
2021-04-11 19:35:15,064 [INFO] IPUIPlugin:64 - create IPUIPlugin
2021-04-11 19:35:15,064 [INFO] PluginManager:203 - loadIPPluginJar : add fmc
2021-04-11 19:35:15,068 [INFO] IPUIPlugin:64 - create IPUIPlugin
2021-04-11 19:35:15,069 [INFO] PluginManager:203 - loadIPPluginJar : add ipddr
2021-04-11 19:35:15,071 [INFO] IPUIPlugin:64 - create IPUIPlugin
2021-04-11 19:35:15,071 [INFO] PluginManager:203 - loadIPPluginJar : add dfsdm
2021-04-11 19:35:15,075 [INFO] IPUIPlugin:64 - create IPUIPlugin
2021-04-11 19:35:15,076 [INFO] PluginManager:203 - loadIPPluginJar : add gpio
2021-04-11 19:35:15,081 [INFO] IPUIPlugin:64 - create IPUIPlugin
2021-04-11 19:35:15,081 [INFO] PluginManager:203 - loadIPPluginJar : add dma
2021-04-11 19:35:15,085 [INFO] IPUIPlugin:64 - create IPUIPlugin
2021-04-11 19:35:15,085 [INFO] PluginManager:203 - loadIPPluginJar : add ltdc
2021-04-11 19:35:15,087 [INFO] IPUIPlugin:64 - create IPUIPlugin
2021-04-11 19:35:15,087 [INFO] PluginManager:203 - loadIPPluginJar : add lorawan
2021-04-11 19:35:15,089 [INFO] IPUIPlugin:64 - create IPUIPlugin
2021-04-11 19:35:15,090 [INFO] PluginManager:203 - loadIPPluginJar : add tim
2021-04-11 19:35:15,092 [INFO] IPUIPlugin:64 - create IPUIPlugin
2021-04-11 19:35:15,092 [INFO] PluginManager:203 - loadIPPluginJar : add usart
2021-04-11 19:35:15,094 [INFO] IPUIPlugin:64 - create IPUIPlugin
2021-04-11 19:35:15,094 [INFO] PluginManager:203 - loadIPPluginJar : add hash
2021-04-11 19:35:15,096 [INFO] IPUIPlugin:64 - create IPUIPlugin
2021-04-11 19:35:15,096 [INFO] PluginManager:203 - loadIPPluginJar : add spi
2021-04-11 19:35:15,101 [INFO] IPUIPlugin:64 - create IPUIPlugin
2021-04-11 19:35:15,102 [INFO] PluginManager:203 - loadIPPluginJar : add sai
2021-04-11 19:35:15,103 [INFO] IPUIPlugin:64 - create IPUIPlugin
2021-04-11 19:35:15,104 [INFO] PluginManager:203 - loadIPPluginJar : add quadspi
2021-04-11 19:35:15,105 [INFO] IPUIPlugin:64 - create IPUIPlugin
2021-04-11 19:35:15,105 [INFO] PluginManager:203 - loadIPPluginJar : add genericplugin
2021-04-11 19:35:15,385 [FATAL] Updater:284 - Updater called before beeing initialized
2021-04-11 19:35:15,477 [FATAL] Updater:284 - Updater called before beeing initialized
2021-04-11 19:35:15,527 [WARN] DetailPanel:347 - Failed to get advertising image, set to default
2021-04-11 19:35:15,530 [FATAL] Updater:284 - Updater called before beeing initialized
2021-04-11 19:35:15,531 [WARN] DetailPanel:347 - Failed to get advertising image, set to default
2021-04-11 19:35:15,566 [FATAL] Updater:284 - Updater called before beeing initialized
2021-04-11 19:35:15,566 [WARN] ThirdParty:783 - waiting for thirdparty lock release [close project]
2021-04-11 19:35:17,319 [INFO] ThirdPartyUpdaterWithRetryManager:56 - Updater plugin not ready yet. [2/15]
2021-04-11 19:35:20,332 [FATAL] Updater:284 - Updater called before beeing initialized
2021-04-11 19:35:20,334 [ERROR] AbstractThirdPartyUpdaterManager:153 - java.lang.Integer cannot be cast to java.util.List
2021-04-11 19:35:20,334 [INFO] ThirdParty:887 - Integrity check success = false
2021-04-11 19:35:20,346 [INFO] IntegrityCheckThread:75 - exiting critical section [integrity check]
2021-04-11 19:35:20,349 [INFO] IntegrityCheckThread:78 - End integrity checks thread
2021-04-11 19:35:20,349 [INFO] ThirdParty:785 - entering critical section [close project]
2021-04-11 19:35:20,350 [INFO] ThirdParty:796 - exiting critical section [close project]
2021-04-11 19:35:20,352 [INFO] PinOutPanel:1434 - setPackage(No Configuration,No Configuration)
2021-04-11 19:35:20,354 [FATAL] Updater:284 - Updater called before beeing initialized
2021-04-11 19:35:20,366 [ERROR] Updater:1065 - MainUpdater not yet initialized. External WinMGr cannot be set.
2021-04-11 19:35:20,378 [INFO] Updater:1002 - Updater Version found : 6.1.1
2021-04-11 19:35:20,407 [INFO] ApplicationProperties:181 - Using Application install path: /opt/st/stm32cubeide_1.5.1/plugins/com.st.stm32cube.common.mx_6.1.1.202012091304
2021-04-11 19:35:20,558 [INFO] MainUpdater:2644 - connection check result : 10
2021-04-11 19:35:20,558 [INFO] MainUpdater:249 - Updater Check For Update Now.
2021-04-11 19:35:20,559 [INFO] MicroXplorer:415 - Change Database Version : DB.6.0.10
2021-04-11 19:35:20,599 [INFO] CheckServerUpdateThread:102 - End of CheckServer Thread
2021-04-11 19:35:20,663 [INFO] MainUpdater:2644 - connection check result : 10
2021-04-11 19:35:20,934 [INFO] MainUpdater:2644 - connection check result : 10
2021-04-11 19:35:21,649 [INFO] CrossSelectorPresenter:1330 - Cross Selector saved comparison directory: /home/tadashi/.stmcufinder/plugins/mcufinder/mcu/cs_comparisons_mx
2021-04-11 19:35:21,664 [INFO] MultiScanPanel:198 - Auto-refresh data requested => check proxy status ongoing
2021-04-11 19:35:21,675 [INFO] FinderPluginLoader:87 - Searching for filters in installed packs
2021-04-11 19:35:21,681 [INFO] DbMcusXml:97 - Load MCU database from /opt/st/stm32cubeide_1.5.1/plugins/com.st.stm32cube.common.mx_6.1.1.202012091304//db//mcu/families.xml
2021-04-11 19:35:23,316 [INFO] DbMcusJson:92 - JSON generation date=Thu Nov 05 23:05:07 ICT 2020 (1604592307)
2021-04-11 19:35:24,871 [INFO] DbMcus:176 - Found 1835 MCUs (1796 are supported by CubeMX, 1796 are visible in CubeMX)
2021-04-11 19:35:24,873 [INFO] ApiDb:238 - Load user favorites file /home/tadashi/.stm32cubeide/favorites.mcus.txt: 0 item(s)
2021-04-11 19:35:24,873 [INFO] ApiDb:242 - User favorites MCUs=[]
2021-04-11 19:35:24,873 [INFO] DbMcus:188 - Set 0 / 0 favorites MCUs
2021-04-11 19:35:25,553 [WARN] DetailPanel:347 - Failed to get advertising image, set to default
2021-04-11 19:35:26,091 [INFO] McuFilterPanel:245 - Update 0 favorites MCUs
2021-04-11 19:35:26,205 [INFO] DbBoardsPdsc:91 - Found 45 items
2021-04-11 19:35:26,207 [INFO] DbBoardsPdsc:91 - Found 4 items
2021-04-11 19:35:26,216 [INFO] DbBoardsPdsc:91 - Found 32 items
2021-04-11 19:35:26,219 [INFO] DbBoardsPdsc:91 - Found 9 items
2021-04-11 19:35:26,221 [INFO] DbBoardsPdsc:91 - Found 2 items
2021-04-11 19:35:26,225 [INFO] DbBoardsPdsc:91 - Found 24 items
2021-04-11 19:35:26,227 [INFO] DbBoardsPdsc:91 - Found 1 items
2021-04-11 19:35:26,238 [INFO] DbBoardsPdsc:91 - Found 41 items
2021-04-11 19:35:26,246 [WARN] DbBoardsPdsc:255 - Board STM32H7B3I-DK: unknown feature type=Audio, name=, username=Audio stereo codec with Headphone Amp (CS42L51-CNZ), n=1
2021-04-11 19:35:26,247 [WARN] DbBoardsPdsc:255 - Board STM32H735G-DK: unknown feature type=Audio, name=, username=Audio stereo codec with Headphone Amp (WM8994ECS/R), n=1
2021-04-11 19:35:26,291 [WARN] DbBoardsPdsc:255 - Board STM32H7B3I-EVAL: unknown feature type=Audio, name=, username=Multi-Channel Audio Codec (CS42L51-CNZ), n=1
2021-04-11 19:35:26,295 [WARN] DbBoardsPdsc:255 - Board STM32H7B3I-EVAL: unknown feature type=Meter, name=, username=Power-metering and Temperature-monitoring with sigma-delta modulators, n=1
2021-04-11 19:35:26,295 [WARN] DbBoardsPdsc:255 - Board STM32H7B3I-EVAL: unknown feature type=Motor, name=, username=Motor Control, n=1
2021-04-11 19:35:26,325 [INFO] DbBoardsJson:85 - JSON generation date=Thu Nov 05 21:55:26 ICT 2020 (1604588126)
2021-04-11 19:35:26,338 [INFO] DbBoards:118 - Found 158 boards (155 are supported by CubeMX)
2021-04-11 19:35:26,364 [INFO] DbBoardsDocs:145 - JSON generation date=Thu Nov 05 23:05:07 ICT 2020 (1604592307)
2021-04-11 19:35:26,415 [INFO] DbBoardsDocs:81 - Found 190 boards documents
2021-04-11 19:35:26,418 [WARN] DbBoards:128 - board B-L462E-CELL1 has no document id list !
2021-04-11 19:35:26,419 [WARN] DbBoards:128 - board B-L475E-IOT01A2 has no document id list !
2021-04-11 19:35:26,421 [WARN] DbBoards:128 - board NUCLEO-G0B1RE has no document id list !
2021-04-11 19:35:26,421 [WARN] DbBoards:128 - board NUCLEO-G491RE has no document id list !
2021-04-11 19:35:26,422 [WARN] DbBoards:128 - board NUCLEO-H743ZI2 has no document id list !
2021-04-11 19:35:26,423 [WARN] DbBoards:128 - board NUCLEO-L4A6ZG has no document id list !
2021-04-11 19:35:26,423 [WARN] DbBoards:128 - board NUCLEO-WB55RG has no document id list !
2021-04-11 19:35:26,423 [WARN] DbBoards:128 - board NUCLEO-WL55JC1 has no document id list !
2021-04-11 19:35:26,424 [WARN] DbBoards:128 - board NUCLEO-WL55JC2 has no document id list !
2021-04-11 19:35:26,424 [WARN] DbBoards:128 - board P-NUCLEO-WB55-Nucleo has no document id list !
2021-04-11 19:35:26,424 [WARN] DbBoards:128 - board P-NUCLEO-WB55-USBDongle has no document id list !
2021-04-11 19:35:26,424 [WARN] DbBoards:128 - board STEVAL-BFA001V1B has no document id list !
2021-04-11 19:35:26,424 [WARN] DbBoards:128 - board STEVAL-BFA001V2B has no document id list !
2021-04-11 19:35:26,425 [WARN] DbBoards:128 - board STEVAL-IDP005V1 has no document id list !
2021-04-11 19:35:26,425 [WARN] DbBoards:128 - board STEVAL-IDP005V2 has no document id list !
2021-04-11 19:35:26,425 [WARN] DbBoards:128 - board STEVAL-MKSBOX1V1 has no document id list !
2021-04-11 19:35:26,425 [WARN] DbBoards:128 - board STEVAL-STWINKT1 has no document id list !
2021-04-11 19:35:26,426 [WARN] DbBoards:128 - board STM32F401C-DISCO has no document id list !
2021-04-11 19:35:26,427 [WARN] DbBoards:128 - board STM32F769I-DISC1 has no document id list !
2021-04-11 19:35:26,428 [WARN] DbBoards:128 - board STM32G0C1E-EV has no document id list !
2021-04-11 19:35:26,429 [WARN] DbBoards:128 - board STM32G474E-EVAL1 has no document id list !
2021-04-11 19:35:26,430 [WARN] DbBoards:128 - board STM32H743I-EVAL2 has no document id list !
2021-04-11 19:35:26,430 [WARN] DbBoards:128 - board STM32H747I-DISC1 has no document id list !
2021-04-11 19:35:26,431 [WARN] DbBoards:128 - board STM32H753I-EVAL2 has no document id list !
2021-04-11 19:35:26,432 [WARN] DbBoards:128 - board STM32L-DISCOVERY has no document id list !
2021-04-11 19:35:26,433 [WARN] DbBoards:128 - board STM32MP157A-DK1 has no document id list !
2021-04-11 19:35:26,435 [WARN] DbBoards:128 - board STM32MP157F-DK2 has no document id list !
2021-04-11 19:35:26,436 [WARN] DbBoards:128 - board STM32MP157F-EV1 has no document id list !
2021-04-11 19:35:28,238 [ERROR] DbBoards:190 - Image file not found for board STM32H747I-EVAL: /opt/st/stm32cubeide_1.5.1/plugins/com.st.stm32cube.common.mx_6.1.1.202012091304//db//plugins/mcufinder/images/boards/stm32h747ieval_small.jpg
2021-04-11 19:35:28,262 [ERROR] DbBoards:190 - Image file not found for board STM32H757I-EVAL: /opt/st/stm32cubeide_1.5.1/plugins/com.st.stm32cube.common.mx_6.1.1.202012091304//db//plugins/mcufinder/images/boards/stm32h747ieval_small.jpg
2021-04-11 19:35:28,262 [ERROR] DbBoards:190 - Image file not found for board STM32H7B3I-DK: /opt/st/stm32cubeide_1.5.1/plugins/com.st.stm32cube.common.mx_6.1.1.202012091304//db//plugins/mcufinder/images/boards/stm32h7b3i-dk_small.jpg
2021-04-11 19:35:28,634 [INFO] ApiDb:238 - Load user favorites file /home/tadashi/.stm32cubeide/favorites.boards.txt: 0 item(s)
2021-04-11 19:35:28,635 [INFO] ApiDb:242 - User favorites Boards=[]
2021-04-11 19:35:28,635 [INFO] DbBoards:207 - Set 0 / 0 favorites Boards
2021-04-11 19:35:49,336 [INFO] DbMcusDocs:145 - JSON generation date=Thu Nov 05 23:05:07 ICT 2020 (1604592307)
2021-04-11 19:35:49,838 [INFO] DbMcusDocs:81 - Found 601 MCUs documents
2021-04-11 19:35:59,472 [INFO] MainUpdater:2644 - connection check result : 10
2021-04-11 19:35:59,474 [INFO] MainUpdater:2644 - connection check result : 10
2021-04-11 19:35:59,555 [INFO] MicroXplorer:385 - Change Database Path : 
2021-04-11 19:35:59,555 [INFO] MicroXplorer:415 - Change Database Version : DB.6.0.10
2021-04-11 19:35:59,555 [WARN] ThirdParty:783 - waiting for thirdparty lock release [close project]
2021-04-11 19:35:59,555 [INFO] ThirdParty:785 - entering critical section [close project]
2021-04-11 19:35:59,556 [INFO] ThirdParty:796 - exiting critical section [close project]
2021-04-11 19:35:59,558 [INFO] PinOutPanel:1434 - setPackage(No Configuration,No Configuration)
2021-04-11 19:35:59,560 [INFO] UtilMem:74 - Begin LoadConfig() Used Memory: 548878976 Bytes (910163968)
2021-04-11 19:35:59,562 [INFO] MicroXplorer:385 - Change Database Path : 
2021-04-11 19:35:59,562 [INFO] MicroXplorer:415 - Change Database Version : DB.6.0.10
2021-04-11 19:35:59,562 [INFO] OpenFileManager:274 - Change cursor
2021-04-11 19:35:59,565 [WARN] ThirdParty:204 - Use empty third party IP manager
2021-04-11 19:35:59,590 [WARN] IntegrityCheckThread:59 - waiting for thirdparty lock release [integrity check]
2021-04-11 19:35:59,591 [INFO] IntegrityCheckThread:61 - entering critical section [integrity check]
2021-04-11 19:35:59,736 [WARN] ConditionMgr:437 - getConditionDescription Invalid condition id : SIGFOX STM32 LIB Condition cause : null
2021-04-11 19:35:59,740 [WARN] ConditionMgr:437 - getConditionDescription Invalid condition id : Sigfox Third Party LIB Condition cause : null
2021-04-11 19:35:59,745 [WARN] ConditionMgr:1040 - genDependencies : Invalid condition id : SIGFOX STM32 LIB Condition cause : null
2021-04-11 19:35:59,746 [WARN] ConditionMgr:1040 - genDependencies : Invalid condition id : Sigfox Third Party LIB Condition cause : null
2021-04-11 19:35:59,748 [WARN] ConditionMgr:1040 - genDependencies : Invalid condition id : Sigfox Third Party LIB Condition cause : null
2021-04-11 19:35:59,750 [WARN] ConditionMgr:1040 - genDependencies : Invalid condition id : SIGFOX STM32 LIB Condition cause : null
2021-04-11 19:35:59,750 [WARN] ConditionMgr:1040 - genDependencies : Invalid condition id : SIGFOX STM32 LIB Condition cause : null
2021-04-11 19:35:59,751 [WARN] ConditionMgr:1040 - genDependencies : Invalid condition id : Sigfox Third Party LIB Condition cause : null
2021-04-11 19:36:00,675 [INFO] ThirdParty:887 - Integrity check success = true
2021-04-11 19:36:00,675 [INFO] IntegrityCheckThread:75 - exiting critical section [integrity check]
2021-04-11 19:36:00,676 [INFO] IntegrityCheckThread:78 - End integrity checks thread
2021-04-11 19:36:02,189 [INFO] ImportTextPane:162 - (OptionalMessage_ERROR) Unable to find key (Mcu.ThirdPartyNb) in loaded IOC file
2021-04-11 19:36:02,190 [INFO] ImportTextPane:162 - (OptionalMessage_ERROR) Unable to find key (Mcu.PinsNb) in loaded IOC file
2021-04-11 19:36:02,190 [INFO] ImportTextPane:162 - (OptionalMessage_ERROR) Unable to find key (Mcu.IPNb) in loaded IOC file
2021-04-11 19:36:02,290 [WARN] ApiManager:294 - Cannot register API 'Board Extension:S2868A1' from pack STMicroelectronics.X-CUBE-SFXS2LP1.3.0.0: no header file found
2021-04-11 19:36:02,290 [WARN] ApiManager:294 - Cannot register API 'Board Extension:S2868A2' from pack STMicroelectronics.X-CUBE-SFXS2LP1.3.0.0: no header file found
2021-04-11 19:36:02,291 [WARN] ApiManager:294 - Cannot register API 'Board Extension:S2915A1' from pack STMicroelectronics.X-CUBE-SFXS2LP1.3.0.0: no header file found
2021-04-11 19:36:02,303 [WARN] ApiManager:294 - Cannot register API 'Board Extension:S2868A1' from pack STMicroelectronics.X-CUBE-SUBG2.3.0.1: no header file found
2021-04-11 19:36:02,304 [WARN] ApiManager:294 - Cannot register API 'Board Extension:S2868A2' from pack STMicroelectronics.X-CUBE-SUBG2.3.0.1: no header file found
2021-04-11 19:36:02,304 [WARN] ApiManager:294 - Cannot register API 'Board Extension:S2915A1' from pack STMicroelectronics.X-CUBE-SUBG2.3.0.1: no header file found
2021-04-11 19:36:02,315 [WARN] ModelIntegratedComponent:51 - No mode defined for component null
2021-04-11 19:36:02,315 [WARN] ModelIntegratedComponent:51 - No mode defined for component null
2021-04-11 19:36:02,315 [WARN] ModelIntegratedComponent:51 - No mode defined for component null
2021-04-11 19:36:02,316 [WARN] ModelIntegratedComponent:51 - No mode defined for component null
2021-04-11 19:36:02,316 [WARN] ModelIntegratedComponent:51 - No mode defined for component null
2021-04-11 19:36:02,316 [WARN] ModelIntegratedComponent:51 - No mode defined for component null
2021-04-11 19:36:02,316 [WARN] ModelIntegratedComponent:51 - No mode defined for component null
2021-04-11 19:36:02,316 [WARN] ModelIntegratedComponent:51 - No mode defined for component null
2021-04-11 19:36:02,317 [WARN] ModelIntegratedComponent:51 - No mode defined for component null
2021-04-11 19:36:02,317 [WARN] ModelIntegratedComponent:51 - No mode defined for component null
2021-04-11 19:36:02,317 [WARN] ModelIntegratedComponent:51 - No mode defined for component null
2021-04-11 19:36:02,317 [WARN] ModelIntegratedComponent:51 - No mode defined for component null
2021-04-11 19:36:02,317 [WARN] ModelIntegratedComponent:51 - No mode defined for component null
2021-04-11 19:36:02,318 [WARN] ModelIntegratedComponent:51 - No mode defined for component null
2021-04-11 19:36:02,318 [WARN] ModelIntegratedComponent:51 - No mode defined for component null
2021-04-11 19:36:02,318 [WARN] ModelIntegratedComponent:51 - No mode defined for component null
2021-04-11 19:36:02,318 [WARN] ModelIntegratedComponent:51 - No mode defined for component null
2021-04-11 19:36:02,318 [WARN] ModelIntegratedComponent:51 - No mode defined for component null
2021-04-11 19:36:02,319 [WARN] ModelIntegratedComponent:51 - No mode defined for component null
2021-04-11 19:36:02,319 [WARN] ModelIntegratedComponent:51 - No mode defined for component null
2021-04-11 19:36:02,319 [WARN] ModelIntegratedComponent:51 - No mode defined for component null
2021-04-11 19:36:02,319 [WARN] ModelIntegratedComponent:51 - No mode defined for component null
2021-04-11 19:36:02,319 [WARN] ModelIntegratedComponent:51 - No mode defined for component null
2021-04-11 19:36:02,320 [WARN] ModelIntegratedComponent:51 - No mode defined for component null
2021-04-11 19:36:02,320 [WARN] ModelIntegratedComponent:51 - No mode defined for component null
2021-04-11 19:36:02,320 [WARN] ModelIntegratedComponent:51 - No mode defined for component null
2021-04-11 19:36:02,320 [WARN] ModelIntegratedComponent:51 - No mode defined for component null
2021-04-11 19:36:02,320 [WARN] ModelIntegratedComponent:51 - No mode defined for component null
2021-04-11 19:36:02,320 [WARN] ModelIntegratedComponent:51 - No mode defined for component null
2021-04-11 19:36:02,321 [WARN] ModelIntegratedComponent:51 - No mode defined for component null
2021-04-11 19:36:02,321 [WARN] ModelIntegratedComponent:51 - No mode defined for component null
2021-04-11 19:36:02,321 [WARN] ModelIntegratedComponent:51 - No mode defined for component null
2021-04-11 19:36:02,321 [WARN] ModelIntegratedComponent:51 - No mode defined for component null
2021-04-11 19:36:02,321 [WARN] ModelIntegratedComponent:51 - No mode defined for component null
2021-04-11 19:36:02,322 [WARN] ModelIntegratedComponent:51 - No mode defined for component null
2021-04-11 19:36:02,322 [WARN] ModelIntegratedComponent:51 - No mode defined for component null
2021-04-11 19:36:02,322 [WARN] ModelIntegratedComponent:51 - No mode defined for component null
2021-04-11 19:36:02,322 [WARN] ModelIntegratedComponent:51 - No mode defined for component null
2021-04-11 19:36:02,325 [WARN] ApiManager:294 - Cannot register API 'Board Extension:S2868A1' from pack STMicroelectronics.X-CUBE-SFXS2LP1.2.0.0: no header file found
2021-04-11 19:36:02,326 [WARN] ApiManager:294 - Cannot register API 'Board Extension:S2868A2' from pack STMicroelectronics.X-CUBE-SFXS2LP1.2.0.0: no header file found
2021-04-11 19:36:02,326 [WARN] ApiManager:294 - Cannot register API 'Board Extension:S2915A1' from pack STMicroelectronics.X-CUBE-SFXS2LP1.2.0.0: no header file found
2021-04-11 19:36:02,333 [WARN] ApiManager:294 - Cannot register API 'Board Extension:S2868A1' from pack STMicroelectronics.X-CUBE-SUBG2.4.0.0: no header file found
2021-04-11 19:36:02,333 [WARN] ApiManager:294 - Cannot register API 'Board Extension:S2868A2' from pack STMicroelectronics.X-CUBE-SUBG2.4.0.0: no header file found
2021-04-11 19:36:02,334 [WARN] ApiManager:294 - Cannot register API 'Board Extension:S2915A1' from pack STMicroelectronics.X-CUBE-SUBG2.4.0.0: no header file found
2021-04-11 19:36:02,529 [WARN] ApiManager:294 - Cannot register API 'Board Extension:IKS01A3' from pack STMicroelectronics.X-CUBE-MEMS1.8.2.0: no header file found
2021-04-11 19:36:02,530 [WARN] ApiManager:294 - Cannot register API 'Board Extension:IKS01A2' from pack STMicroelectronics.X-CUBE-MEMS1.8.2.0: no header file found
2021-04-11 19:36:02,530 [WARN] ApiManager:294 - Cannot register API 'Board Extension:IKS02A1' from pack STMicroelectronics.X-CUBE-MEMS1.8.2.0: no header file found
2021-04-11 19:36:02,540 [WARN] ApiManager:294 - Cannot register API 'Board Extension:EEPRMA1' from pack STMicroelectronics.X-CUBE-EEPRMA1.3.0.0: no header file found
2021-04-11 19:36:02,540 [WARN] ApiManager:294 - Cannot register API 'Board Extension:EEPRMA2' from pack STMicroelectronics.X-CUBE-EEPRMA1.3.0.0: no header file found
2021-04-11 19:36:02,654 [WARN] ApiManager:294 - Cannot register API 'Board Extension:IKS01A3' from pack STMicroelectronics.X-CUBE-MEMS1.8.3.0: no header file found
2021-04-11 19:36:02,654 [WARN] ApiManager:294 - Cannot register API 'Board Extension:IKS01A2' from pack STMicroelectronics.X-CUBE-MEMS1.8.3.0: no header file found
2021-04-11 19:36:02,654 [WARN] ApiManager:294 - Cannot register API 'Board Extension:IKS02A1' from pack STMicroelectronics.X-CUBE-MEMS1.8.3.0: no header file found
2021-04-11 19:36:02,670 [INFO] RtosManager:464 - Registered RTOS mode: class=CMSIS, group=RTOS, mode=CMSIS_V1, owner=FREERTOS
2021-04-11 19:36:02,670 [INFO] RtosManager:464 - Registered RTOS mode: class=CMSIS, group=RTOS2, mode=CMSIS_V2, owner=FREERTOS
2021-04-11 19:36:02,670 [INFO] RtosManager:464 - Registered RTOS mode: class=RTOS, group=Core, mode=CMSIS_V1, owner=FREERTOS
2021-04-11 19:36:02,671 [INFO] RtosManager:464 - Registered RTOS mode: class=RTOS, group=Core, mode=CMSIS_V2, owner=FREERTOS
2021-04-11 19:36:02,671 [WARN] ModelIntegratedComponent:182 - Missing modes for component STMicroelectronics:FreeRTOS:0.0.1:STMicroelectronics:RTOS:FreeRTOS:Core:::10.2.0:
2021-04-11 19:36:02,677 [WARN] ApiManager:294 - Cannot register API 'Board Extension:GNSS1A1' from pack STMicroelectronics.X-CUBE-GNSS1.5.1.0: no header file found
2021-04-11 19:36:02,677 [WARN] ApiManager:294 - Cannot register API 'Board Support:Custom' from pack STMicroelectronics.X-CUBE-GNSS1.5.1.0: no header file found
2021-04-11 19:36:02,678 [WARN] ApiManager:294 - Cannot register API 'Data Exchange:lib_gnss' from pack STMicroelectronics.X-CUBE-GNSS1.5.1.0: no header file found
2021-04-11 19:36:02,679 [WARN] ApiManager:294 - Cannot register API 'Board Extension:GNSS1A1' from pack STMicroelectronics.X-CUBE-GNSS1.5.2.0: no header file found
2021-04-11 19:36:02,680 [WARN] ApiManager:294 - Cannot register API 'Board Support:Custom' from pack STMicroelectronics.X-CUBE-GNSS1.5.2.0: no header file found
2021-04-11 19:36:02,680 [WARN] ApiManager:294 - Cannot register API 'Data Exchange:lib_gnss' from pack STMicroelectronics.X-CUBE-GNSS1.5.2.0: no header file found
2021-04-11 19:36:02,682 [WARN] ApiManager:294 - Cannot register API 'Wireless:BlueNRG-MS' from pack STMicroelectronics.X-CUBE-BLE1.6.1.0: no header file found
2021-04-11 19:36:02,684 [WARN] ApiManager:294 - Cannot register API 'Board Extension:NFC04A1' from pack STMicroelectronics.X-CUBE-NFC4.2.0.2: no header file found
2021-04-11 19:36:02,686 [WARN] ApiManager:294 - Cannot register API 'Board Extension:NFC04A1' from pack STMicroelectronics.X-CUBE-NFC4.2.0.1: no header file found
2021-04-11 19:36:02,688 [WARN] ApiManager:294 - Cannot register API 'Wireless:BlueNRG-2' from pack STMicroelectronics.X-CUBE-BLE2.3.1.0: no header file found
2021-04-11 19:36:02,689 [WARN] ApiManager:294 - Cannot register API 'Wireless:BlueNRG-2' from pack STMicroelectronics.X-CUBE-BLE2.3.2.0: no header file found
2021-04-11 19:36:04,000 [INFO] UtilMem:74 - End LoadConfig() Used Memory: 659560072 Bytes (910163968)
2021-04-11 19:36:04,035 [WARN] ThirdParty:749 - waiting for thirdparty lock release [change project]
2021-04-11 19:36:04,035 [INFO] ThirdParty:751 - entering critical section [change project]
2021-04-11 19:36:04,036 [INFO] ThirdParty:939 - CMSIS Pack Vendor :RoweBots I-CUBE-UNISONRTOS 5.5.0-4
2021-04-11 19:36:04,036 [INFO] ThirdParty:939 - CMSIS Pack Vendor :STMicroelectronics X-CUBE-SFXS2LP1 3.0.0
2021-04-11 19:36:04,036 [INFO] ThirdParty:939 - CMSIS Pack Vendor :STMicroelectronics USB_HOST 2.0.0
2021-04-11 19:36:04,036 [INFO] ThirdParty:939 - CMSIS Pack Vendor :STMicroelectronics X-CUBE-SUBG2 3.0.1
2021-04-11 19:36:04,036 [INFO] ThirdParty:939 - CMSIS Pack Vendor :STMicroelectronics USB_DEVICE 3.0.0
2021-04-11 19:36:04,036 [INFO] ThirdParty:939 - CMSIS Pack Vendor :STMicroelectronics HAL Drivers 0.0.0
2021-04-11 19:36:04,036 [INFO] ThirdParty:939 - CMSIS Pack Vendor :STMicroelectronics MBEDTLS 2.16.2
2021-04-11 19:36:04,037 [INFO] ThirdParty:939 - CMSIS Pack Vendor :STMicroelectronics X-CUBE-SFXS2LP1 2.0.0
2021-04-11 19:36:04,037 [INFO] ThirdParty:939 - CMSIS Pack Vendor :STMicroelectronics MBEDTLS 2.14.1
2021-04-11 19:36:04,037 [INFO] ThirdParty:939 - CMSIS Pack Vendor :STMicroelectronics X-CUBE-SUBG2 4.0.0
2021-04-11 19:36:04,037 [INFO] ThirdParty:939 - CMSIS Pack Vendor :STMicroelectronics X-CUBE-TOF1 1.0.0
2021-04-11 19:36:04,037 [INFO] ThirdParty:939 - CMSIS Pack Vendor :STMicroelectronics X-CUBE-AZRTOS-H7 1.0.0
2021-04-11 19:36:04,037 [INFO] ThirdParty:939 - CMSIS Pack Vendor :STMicroelectronics USB_DEVICE 2.0.0
2021-04-11 19:36:04,037 [INFO] ThirdParty:939 - CMSIS Pack Vendor :STMicroelectronics X-CUBE-MEMS1 8.2.0
2021-04-11 19:36:04,038 [INFO] ThirdParty:939 - CMSIS Pack Vendor :STMicroelectronics X-CUBE-EEPRMA1 3.0.0
2021-04-11 19:36:04,038 [INFO] ThirdParty:939 - CMSIS Pack Vendor :STMicroelectronics X-CUBE-MEMS1 8.3.0
2021-04-11 19:36:04,038 [INFO] ThirdParty:939 - CMSIS Pack Vendor :STMicroelectronics X-CUBE-DISPLAY 1.0.0
2021-04-11 19:36:04,038 [INFO] ThirdParty:939 - CMSIS Pack Vendor :STMicroelectronics FreeRTOS 0.0.1
2021-04-11 19:36:04,038 [INFO] ThirdParty:939 - CMSIS Pack Vendor :STMicroelectronics USB_DEVICE 1.0.0
2021-04-11 19:36:04,038 [INFO] ThirdParty:939 - CMSIS Pack Vendor :STMicroelectronics X-CUBE-AI 6.0.0
2021-04-11 19:36:04,038 [INFO] ThirdParty:939 - CMSIS Pack Vendor :STMicroelectronics X-CUBE-ALGOBUILD 1.1.0
2021-04-11 19:36:04,039 [INFO] ThirdParty:939 - CMSIS Pack Vendor :STMicroelectronics X-CUBE-ALGOBUILD 1.2.0
2021-04-11 19:36:04,039 [INFO] ThirdParty:939 - CMSIS Pack Vendor :STMicroelectronics X-CUBE-GNSS1 5.1.0
2021-04-11 19:36:04,039 [INFO] ThirdParty:939 - CMSIS Pack Vendor :STMicroelectronics X-CUBE-GNSS1 5.2.0
2021-04-11 19:36:04,039 [INFO] ThirdParty:939 - CMSIS Pack Vendor :STMicroelectronics X-CUBE-BLE1 6.1.0
2021-04-11 19:36:04,039 [INFO] ThirdParty:939 - CMSIS Pack Vendor :STMicroelectronics lwIP 2.1.2
2021-04-11 19:36:04,039 [INFO] ThirdParty:939 - CMSIS Pack Vendor :STMicroelectronics lwIP 2.0.3
2021-04-11 19:36:04,039 [INFO] ThirdParty:939 - CMSIS Pack Vendor :STMicroelectronics USB_HOST 1.0.0
2021-04-11 19:36:04,040 [INFO] ThirdParty:939 - CMSIS Pack Vendor :STMicroelectronics X-CUBE-NFC4 2.0.2
2021-04-11 19:36:04,040 [INFO] ThirdParty:939 - CMSIS Pack Vendor :STMicroelectronics X-CUBE-NFC4 2.0.1
2021-04-11 19:36:04,040 [INFO] ThirdParty:939 - CMSIS Pack Vendor :wolfSSL I-CUBE-wolfSSL 4.7.0
2021-04-11 19:36:04,040 [INFO] ThirdParty:939 - CMSIS Pack Vendor :STMicroelectronics X-CUBE-TOUCHGFX 4.16.1
2021-04-11 19:36:04,040 [INFO] ThirdParty:939 - CMSIS Pack Vendor :STMicroelectronics X-CUBE-AI 5.2.0
2021-04-11 19:36:04,040 [INFO] ThirdParty:939 - CMSIS Pack Vendor :STMicroelectronics PDM2PCM 3.1.0
2021-04-11 19:36:04,040 [INFO] ThirdParty:939 - CMSIS Pack Vendor :STMicroelectronics X-CUBE-TOUCHGFX 4.16.0
2021-04-11 19:36:04,041 [INFO] ThirdParty:939 - CMSIS Pack Vendor :STMicroelectronics PDM2PCM 3.2.0
2021-04-11 19:36:04,041 [INFO] ThirdParty:939 - CMSIS Pack Vendor :STMicroelectronics X-CUBE-BLE2 3.1.0
2021-04-11 19:36:04,041 [INFO] ThirdParty:939 - CMSIS Pack Vendor :STMicroelectronics PDM2PCM 3.3.0
2021-04-11 19:36:04,041 [INFO] ThirdParty:939 - CMSIS Pack Vendor :STMicroelectronics X-CUBE-BLE2 3.2.0
2021-04-11 19:36:04,043 [INFO] ThirdParty:757 - exiting critical section [change project]
2021-04-11 19:36:04,334 [INFO] PinOutPanel:1434 - setPackage(No Configuration,No Configuration)
2021-04-11 19:36:04,335 [INFO] PinOutPanel:1434 - setPackage(STM32F103C8Tx,LQFP48)
2021-04-11 19:36:04,869 [INFO] UtilMem:74 - Before build in PCC Used Memory: 699179504 Bytes (910163968)
2021-04-11 19:36:05,401 [INFO] SharedServices:72 - Folder for power plug-in: /home/tadashi/.stm32cubemx/plugins/power
2021-04-11 19:36:05,467 [INFO] SharedServices:72 - Folder for power plug-in: /home/tadashi/.stm32cubemx/plugins/power
2021-04-11 19:36:05,518 [INFO] SharedServices:72 - Folder for power plug-in: /home/tadashi/.stm32cubemx/plugins/power
2021-04-11 19:36:05,527 [INFO] SharedServices:72 - Folder for power plug-in: /home/tadashi/.stm32cubemx/plugins/power
2021-04-11 19:36:05,756 [INFO] UtilMem:74 - After build in PCC Used Memory: 752134632 Bytes (910163968)
2021-04-11 19:36:05,791 [INFO] IPUIPlugin:64 - create IPUIPlugin
2021-04-11 19:36:05,792 [INFO] IPUIPlugin:64 - create IPUIPlugin
2021-04-11 19:36:05,792 [INFO] IPUIPlugin:64 - create IPUIPlugin
2021-04-11 19:36:05,792 [INFO] IPUIPlugin:64 - create IPUIPlugin
2021-04-11 19:36:05,793 [INFO] IPUIPlugin:64 - create IPUIPlugin
2021-04-11 19:36:05,793 [INFO] IPUIPlugin:64 - create IPUIPlugin
2021-04-11 19:36:05,793 [INFO] IPUIPlugin:64 - create IPUIPlugin
2021-04-11 19:36:05,794 [INFO] IPUIPlugin:64 - create IPUIPlugin
2021-04-11 19:36:05,794 [INFO] IPUIPlugin:64 - create IPUIPlugin
2021-04-11 19:36:05,794 [INFO] IPUIPlugin:64 - create IPUIPlugin
2021-04-11 19:36:05,795 [INFO] IPUIPlugin:64 - create IPUIPlugin
2021-04-11 19:36:05,795 [INFO] IPUIPlugin:64 - create IPUIPlugin
2021-04-11 19:36:05,796 [INFO] IPUIPlugin:64 - create IPUIPlugin
2021-04-11 19:36:05,797 [INFO] IPUIPlugin:64 - create IPUIPlugin
2021-04-11 19:36:05,798 [INFO] IPUIPlugin:64 - create IPUIPlugin
2021-04-11 19:36:05,799 [INFO] IPUIPlugin:64 - create IPUIPlugin
2021-04-11 19:36:05,800 [INFO] IPUIPlugin:64 - create IPUIPlugin
2021-04-11 19:36:05,801 [INFO] IPUIPlugin:64 - create IPUIPlugin
2021-04-11 19:36:05,801 [INFO] IPUIPlugin:64 - create IPUIPlugin
2021-04-11 19:36:05,802 [INFO] IPUIPlugin:64 - create IPUIPlugin
2021-04-11 19:36:05,803 [INFO] IPUIPlugin:64 - create IPUIPlugin
2021-04-11 19:36:05,804 [INFO] IPUIPlugin:64 - create IPUIPlugin
2021-04-11 19:36:05,804 [INFO] IPUIPlugin:64 - create IPUIPlugin
2021-04-11 19:36:05,805 [INFO] IPUIPlugin:64 - create IPUIPlugin
2021-04-11 19:36:05,806 [INFO] IPUIPlugin:64 - create IPUIPlugin
2021-04-11 19:36:05,806 [INFO] IPUIPlugin:64 - create IPUIPlugin
2021-04-11 19:36:05,807 [INFO] IPUIPlugin:64 - create IPUIPlugin
2021-04-11 19:36:05,850 [INFO] LogOutputStream:76 - [STDOUT_REDIRECT] toolchainItems.length=====1
2021-04-11 19:36:06,010 [INFO] OpenFileManager:294 - Restore cursor
2021-04-11 19:36:06,416 [INFO] UtilMem:74 - End SaveConfig() Used Memory: 376817728 Bytes (910163968)
2021-04-11 19:36:06,465 [INFO] UtilMem:74 - End SaveConfig() Used Memory: 380938728 Bytes (910163968)
2021-04-11 19:36:07,242 [INFO] BlockDiagram:2735 - set Specific Code input for plugin: NVIC
2021-04-11 19:36:07,243 [INFO] BlockDiagram:2735 - set Specific Code input for plugin: SYS
2021-04-11 19:36:07,243 [INFO] BlockDiagram:2735 - set Specific Code input for plugin: RCC
2021-04-11 19:36:07,244 [INFO] CodeGenerator:639 - code generatio: config db path: /opt/st/stm32cubeide_1.5.1/plugins/com.st.stm32cube.common.mx_6.1.1.202012091304//db/
2021-04-11 19:36:07,790 [INFO] CodeEngine:229 - oldGeneratedFile, /home/tadashi/STM32CubeIDE/workspace_1.5.1/STM32_mini_testing_project/ADC/MXTmpFiles/license.tmp_save
2021-04-11 19:36:08,335 [INFO] CodeEngine:247 - Generated code: /home/tadashi/STM32CubeIDE/workspace_1.5.1/STM32_mini_testing_project/ADC/MXTmpFiles/license.tmp
2021-04-11 19:36:08,464 [INFO] CodeEngine:229 - oldGeneratedFile, /home/tadashi/STM32CubeIDE/workspace_1.5.1/STM32_mini_testing_project/ADC/Core/Src/stm32f1xx_it.c_save
2021-04-11 19:36:08,628 [INFO] CodeEngine:247 - Generated code: /home/tadashi/STM32CubeIDE/workspace_1.5.1/STM32_mini_testing_project/ADC/Core/Src/stm32f1xx_it.c
2021-04-11 19:36:08,630 [INFO] CodeEngine:229 - oldGeneratedFile, /home/tadashi/STM32CubeIDE/workspace_1.5.1/STM32_mini_testing_project/ADC/Core/Inc/stm32f1xx_it.h_save
2021-04-11 19:36:08,774 [INFO] CodeEngine:247 - Generated code: /home/tadashi/STM32CubeIDE/workspace_1.5.1/STM32_mini_testing_project/ADC/Core/Inc/stm32f1xx_it.h
2021-04-11 19:36:08,781 [INFO] CodeEngine:229 - oldGeneratedFile, /home/tadashi/STM32CubeIDE/workspace_1.5.1/STM32_mini_testing_project/ADC/Core/Src/stm32f1xx_hal_msp.c_save
2021-04-11 19:36:08,957 [INFO] CodeEngine:247 - Generated code: /home/tadashi/STM32CubeIDE/workspace_1.5.1/STM32_mini_testing_project/ADC/Core/Src/stm32f1xx_hal_msp.c
2021-04-11 19:36:08,959 [INFO] CodeEngine:229 - oldGeneratedFile, /home/tadashi/STM32CubeIDE/workspace_1.5.1/STM32_mini_testing_project/ADC/MXTmpFiles/system.tmp_save
2021-04-11 19:36:09,033 [INFO] CodeEngine:247 - Generated code: /home/tadashi/STM32CubeIDE/workspace_1.5.1/STM32_mini_testing_project/ADC/MXTmpFiles/system.tmp
2021-04-11 19:36:09,037 [INFO] CodeEngine:229 - oldGeneratedFile, /home/tadashi/STM32CubeIDE/workspace_1.5.1/STM32_mini_testing_project/ADC/Core/Inc/stm32f1xx_hal_conf.h_save
2021-04-11 19:36:09,144 [INFO] CodeEngine:247 - Generated code: /home/tadashi/STM32CubeIDE/workspace_1.5.1/STM32_mini_testing_project/ADC/Core/Inc/stm32f1xx_hal_conf.h
2021-04-11 19:36:09,184 [INFO] CodeEngine:229 - oldGeneratedFile, /home/tadashi/STM32CubeIDE/workspace_1.5.1/STM32_mini_testing_project/ADC/Core/Inc/main.h_save
2021-04-11 19:36:09,292 [INFO] CodeEngine:247 - Generated code: /home/tadashi/STM32CubeIDE/workspace_1.5.1/STM32_mini_testing_project/ADC/Core/Inc/main.h
2021-04-11 19:36:09,293 [INFO] CodeEngine:229 - oldGeneratedFile, /home/tadashi/STM32CubeIDE/workspace_1.5.1/STM32_mini_testing_project/ADC/Core/Src/main.c_save
2021-04-11 19:36:09,458 [INFO] CodeEngine:247 - Generated code: /home/tadashi/STM32CubeIDE/workspace_1.5.1/STM32_mini_testing_project/ADC/Core/Src/main.c
2021-04-11 19:36:10,630 [INFO] ProjectBuilder:2328 - Time for Copy HAL[1] : 74mS.
2021-04-11 19:36:10,639 [INFO] ProjectBuilder:3259 - Project Generator version: 3.11.2
2021-04-11 19:36:11,334 [INFO] ConfigFileManager:1238 - The Die is : DIE410
2021-04-11 19:36:11,352 [INFO] ApiDbMcu:456 - Load IP Config File for FATFS
2021-04-11 19:36:11,360 [INFO] ApiDbMcu:456 - Load IP Config File for FREERTOS
2021-04-11 19:36:11,370 [INFO] ApiDbMcu:456 - Load IP Config File for USB_DEVICE
2021-04-11 19:36:17,981 [INFO] ProjectBuilder:3425 - Time for Generating toolchain IDE Files: 7342mS.
2021-04-11 19:36:17,982 [INFO] ProjectBuilder:2207 - Time for Copy CMSIS : 0mS.
2021-04-11 19:36:17,983 [INFO] ProjectBuilder:2207 - Time for Copy CMSIS : 0mS.
2021-04-11 19:36:19,075 [INFO] ApiDb:263 - Save user favorites file /home/tadashi/.stm32cubeide/favorites.mcus.txt: 0 item(s)
2021-04-11 19:36:19,076 [INFO] ApiDb:267 - User favorites MCUs=[]
2021-04-11 19:36:20,316 [INFO] CrossSelectorPresenter:1330 - Cross Selector saved comparison directory: /home/tadashi/.stmcufinder/plugins/mcufinder/mcu/cs_comparisons_mx
2021-04-11 19:36:20,318 [INFO] MultiScanPanel:198 - Auto-refresh data requested => check proxy status ongoing
2021-04-11 19:36:20,319 [INFO] FinderPluginLoader:87 - Searching for filters in installed packs
2021-04-11 19:36:20,888 [WARN] DetailPanel:347 - Failed to get advertising image, set to default
2021-04-11 19:36:21,213 [INFO] McuFilterPanel:245 - Update 0 favorites MCUs
2021-04-11 19:36:27,322 [INFO] ApiDb:263 - Save user favorites file /home/tadashi/.stm32cubeide/favorites.mcus.txt: 0 item(s)
2021-04-11 19:36:27,322 [INFO] ApiDb:267 - User favorites MCUs=[]
2021-04-11 19:37:43,030 [INFO] Activator:170 - 


2021-04-11 19:37:43,033 [INFO] Activator:171 - !SESSION log4j initialized
